[theartofdocumentary.com/index.html]
[backblue.gif]
[fade.gif]
[index.html]
[cdn.sanity.io/images/0v9eq93x/production/198cdb40f35ea183d0315aabc40bb2802c50a302-1200x630bf85.jpg]
[theartofdocumentary.com/fonts/FG-R.woff2]
[theartofdocumentary.com/fonts/FGM-R.woff2]
[theartofdocumentary.com/favicon.ico]
[theartofdocumentary.com/apple-touch-icon.png]
[theartofdocumentary.com/favicon-32x32.png]
[theartofdocumentary.com/favicon-16x16.png]
[theartofdocumentary.com/site.webmanifest]
[theartofdocumentary.com/_next/static/css/56e1980468cf3811.css]
[theartofdocumentary.com/_next/static/css/5da1c25ff906ad77.css]
[theartofdocumentary.com/_next/static/css/4f4d269ba683a06e.css]
[theartofdocumentary.com/_next/static/css/ad085fdd951c718c.css]
[theartofdocumentary.com/_next/static/css/59c6e5a716d1186c.css]
[theartofdocumentary.com/_next/static/css/f72b4e495eefa18b.css]
[theartofdocumentary.com/_next/static/css/57ea6d79fd7c21d1.css]
[theartofdocumentary.com/_next/static/css/62c916f3ca7d04c0.css]
[theartofdocumentary.com/_next/static/css/82191891029e2876.css]
[theartofdocumentary.com/_next/static/css/3e2e466d87f1a289.css]
[theartofdocumentary.com/_next/static/css/86534e21e36a97a4.css]
[theartofdocumentary.com/_next/static/css/202cb4323f62b536.css]
[theartofdocumentary.com/_next/static/css/1f146d661971cba3.css]
[theartofdocumentary.com/_next/static/css/73ae1026f31084e9.css]
[theartofdocumentary.com/_next/static/css/bebaef432094f9bd.css]
[theartofdocumentary.com/_next/static/css/3aede4ad04c445a6.css]
[theartofdocumentary.com/_next/static/chunks/polyfills-78c92fac7aa8fdd8.js]
[theartofdocumentary.com/_next/static/chunks/3940-baabe36bde693546.js]
[theartofdocumentary.com/_next/static/chunks/5251.e78e4e13e6572ad0.js]
[theartofdocumentary.com/_next/static/chunks/2237.b10b86178d46b293.js]
[theartofdocumentary.com/_next/static/chunks/8271.f8abf30a99634564.js]
[theartofdocumentary.com/_next/static/chunks/1271.303a0b6d4e9cb7d5.js]
[theartofdocumentary.com/_next/static/chunks/7008.718be97decd207a4.js]
[theartofdocumentary.com/_next/static/chunks/7449.73eee1b5f35f02fa.js]
[theartofdocumentary.com/_next/static/chunks/2494.1c23b2ccf3041384.js]
[theartofdocumentary.com/_next/static/chunks/6442.012da3bdc8e182d4.js]
[theartofdocumentary.com/_next/static/chunks/6503.80b9937d1e4a51b6.js]
[theartofdocumentary.com/_next/static/chunks/771.f46356962a352497.js]
[theartofdocumentary.com/_next/static/chunks/122.1ba56a3e93f275f2.js]
[theartofdocumentary.com/_next/static/chunks/978.fdd6f02e9f80d3d2.js]
[theartofdocumentary.com/_next/static/chunks/8554.063e461b5302bb83.js]
[theartofdocumentary.com/_next/static/chunks/3403.09692b0eb6ca2f6d.js]
[theartofdocumentary.com/_next/static/chunks/5274.36e54e29a4f12f87.js]
[theartofdocumentary.com/_next/static/chunks/1809.1fb6c6873e35dab8.js]
[theartofdocumentary.com/_next/static/chunks/webpack-51688bdf98afb8c9.js]
[theartofdocumentary.com/_next/static/chunks/framework-0995a3e8436ddc4f.js]
[theartofdocumentary.com/_next/static/chunks/main-036a25621a971f75.js]
[theartofdocumentary.com/_next/static/chunks/pages/_app-800adfc9c779f5b1.js]
[theartofdocumentary.com/_next/static/chunks/7712-cba091eeb78d5a62.js]
[theartofdocumentary.com/_next/static/chunks/pages/index-0d9dc90770f08ab6.js]
[theartofdocumentary.com/_next/static/SQpPHPd0rL90DrV0-qq0-/_buildManifest.js]
[theartofdocumentary.com/_next/static/SQpPHPd0rL90DrV0-qq0-/_ssgManifest.js]
[theartofdocumentary.com/_next/33fe53aa37ec2654a7d049a4ba6d8d8d423a14fb-1792x1008e90d.jpeg]
[theartofdocumentary.com/_next/fcab4dea53629fa0456dd093c7990ff5e9b1c243-1792x1008948b.jpeg]
[theartofdocumentary.com/_next/4cceb45c72617bd61db47c68d95337df6f697a19-1792x10082d93.jpeg]
[theartofdocumentary.com/_next/536b28f9865d8a6aa14e491dfc2133ebe673f3b2-1792x10086055.jpeg]
[theartofdocumentary.com/_next/f0cac8d9a84f45ad7f80c89e319ddb202e2a58d3-1792x10088d8b.jpeg]
[theartofdocumentary.com/_next/cd56e0bd518def8d92c1a5e559536a07ff1d6f8d-1792x100847df.jpeg]
[theartofdocumentary.com/_next/a76d123c0245bfccbb4b97fa7cb890cee67b538d-1792x100860c7.jpeg]
[theartofdocumentary.com/_next/d762c5296a6bf8784892aa1d09cf44382088d7d4-1792x1008d87b.jpeg]
[theartofdocumentary.com/_next/68d66805bdd924f8c94514052a9aa78432a7af3a-1792x1008c2dd.jpeg]
[theartofdocumentary.com/_next/93352f2cf4eb17572ed0e36726b28c661fcb0b63-1792x100875c2.jpeg]
[theartofdocumentary.com/courses.html]
[theartofdocumentary.com/certification.html]
[theartofdocumentary.com/funding.html]
[theartofdocumentary.com/short-documentary-competition.html]
[theartofdocumentary.com/enterprise.html]
[theartofdocumentary.com/about.html]
[theartofdocumentary.com/frequently-asked-questions.html]
[theartofdocumentary.com/contact.html]
[theartofdocumentary.com/courses/documentary-foundations.html]
[theartofdocumentary.com/courses/advanced-documentary.html]
[theartofdocumentary.com/courses/create-and-earn.html]
[theartofdocumentary.com/courses/perfect-cut.html]
[theartofdocumentary.com/courses/the-cinematic-eye.html]
[theartofdocumentary.com/_next/c6610c4b5f450b96dee446fa48b5744acfc2af94-1320x18402bdb.jpeg]
[theartofdocumentary.com/_next/fdb1ba4eab241a0c1a91618438dcaaa5a9b92a1d-1320x18409f1a.jpeg]
[theartofdocumentary.com/_next/72f56a74796f726fee4ab828a7af4067e6bb86af-1320x18403775.jpeg]
[theartofdocumentary.com/_next/9b2c4a382cfc458f05b6b5bd48f99c255f7ae893-1320x1840b7ab.jpeg]
[theartofdocumentary.com/_next/b8f1ba00148bafdb5b682ef65db0557033fb0b99-1320x18400c59.jpeg]
[theartofdocumentary.com/legals/privacy-policy.html]
[theartofdocumentary.com/legals/terms-of-use.html]
[theartofdocumentary.com/_next/d56a67df22c32f8bd156371637235380d7133e18-1792x2044d23a.jpeg]
[theartofdocumentary.com/_next/c4101e8f2198df665534dbcc34594fd25d156aa9-1792x2044fa72.jpeg]
[theartofdocumentary.com/_next/37a848472504a7001e5746e29a6487cf3f4bf8db-1792x204400ec.jpeg]
[theartofdocumentary.com/_next/e626561557e1f617692262ba1c6c696640b6f5fb-480x30428b8.png]
[theartofdocumentary.com/_next/56ce00c61c0bc4424e0532ef3ae0695fedcbb4d9-480x3047ced.png]
[theartofdocumentary.com/_next/9256f2e88898083f2da0c7717060be816aec8840-480x304c3e6.png]
[theartofdocumentary.com/_next/ebc314de42739e0194b82dbd7f15e566be754519-480x30454ad.png]
[theartofdocumentary.com/_next/775de6da871c50c88cac4ec5fdcf20640abdd52c-480x3048e10.png]
[theartofdocumentary.com/_next/81777813408839f46fe47a6923c1cf2bde90dc57-480x30447ee.png]
[theartofdocumentary.com/_next/cd16820dc66c3a8b1f5f9b3b7bcb33042e0cff66-480x304062f.png]
[theartofdocumentary.com/_next/fd2919dcf7ce932480a99b3112d1aa27207d4c11-480x3046484.png]
[theartofdocumentary.com/_next/658013b32d6b8aa179c0f8f0f213bb57e763e8a3-5760x3240facf.jpeg]
[theartofdocumentary.com/_next/b938f8433f79a63d2bca0520a343a776015cfd3e-5760x32402cee.jpeg]
[theartofdocumentary.com/_next/47327d7f8d90a5face263286b2de704d5a476894-5760x32404b07.jpeg]
[theartofdocumentary.com/_next/efe3e4aeaf931edc1d83caa765ecb763e3dd544a-5760x3240f4df.jpeg]
[theartofdocumentary.com/_next/5f10f613d5aab4c4203d21f60045c9afc4349700-5760x3240296b.jpeg]
[theartofdocumentary.com/_next/7f59971c66d5617ac70f6d9176409c8f784fa2e7-800x456918a.jpeg]
[theartofdocumentary.com/_next/db4cdcc2dac13f6de65f7caa11e873a4c0d959c4-1440x17914f7b.jpeg]
[theartofdocumentary.com/_next/8b64f69150cd43bc13f8f3668610c7096677ff0a-375x4866903.jpeg]
[theartofdocumentary.com/_next/e479297d62199f5031a71db5374aceb6085e97a0-750x1125ab75.jpeg]
[theartofdocumentary.com/_next/a8f78228b2bece65e6bd481635cfbf1a4d97eedb-1792x17927327.jpeg]
[theartofdocumentary.com/_next/16da4ed3b7028d87c0d2085f2bc2ee1e48d8323a-1792x17920b11.jpeg]
[theartofdocumentary.com/_next/4e6dc0657838265acec57075f9fcfc69ebe86edc-1792x1792de54.jpeg]
[theartofdocumentary.com/_next/967422f9788df06944756d86e9089b47a0a0e6cc-1792x1792716b.jpeg]
[theartofdocumentary.com/_next/a872bf307bd906b707566e9d88b812466dff237f-1792x1792bbf3.jpeg]
[theartofdocumentary.com/_next/af196304c7b1f8cd02d14020e881b53959d1a025-1792x1792f22c.jpeg]
[theartofdocumentary.com/_next/461ec0d4ea7915c562e249d4a7de6c984cb568f4-1792x179273d8.jpeg]
[theartofdocumentary.com/_next/e4ec2c0d62777c9f58b11c992c46834420029621-900x542b537.jpeg]
[theartofdocumentary.com/_next/39b9a612a3b2f24b6022475ffbbcc0fd2073e2e4-900x58883da.jpeg]
[theartofdocumentary.com/_next/fbe5e36788e6fea7830a8b8514dfe41869cc0986-1320x7366700.jpeg]
[theartofdocumentary.com/_next/02fb1446338a4afd359e36709811003eb8bcfc4e-1320x73687a9.jpeg]
[theartofdocumentary.com/_next/f808e72e0ed439284e9b5dbb4e1a7dd3ea2f27b9-1320x736d813.jpeg]
[theartofdocumentary.com/_next/736bd529f91964e3eb57e69263f6003686db535b-1320x7368c23.jpeg]
[theartofdocumentary.com/_next/27eafa4b158ced41527cb791b0523628ddf2db3c-1320x736f772.jpeg]
[theartofdocumentary.com/_next/740192b35f073425be5559f05d53c83836ea6c15-1320x736ce71.jpeg]
[theartofdocumentary.com/_next/42cf735918944891f420a06eb9236c5fb1c1ec9c-1320x7360f77.jpeg]
[theartofdocumentary.com/_next/37d91bd6e9018a819342b30d5c6749bb9172da95-1320x7360afb.jpeg]
[theartofdocumentary.com/_next/8e8ff616ba1c097cd1c3c7e9fd05c68f7de3e359-584x8166878.png]
[theartofdocumentary.com/index.html]
[theartofdocumentary.com/_next/static/css/56e1980468cf3811.css]
[theartofdocumentary.com/_next/static/css/5da1c25ff906ad77.css]
[theartofdocumentary.com/_next/static/css/4f4d269ba683a06e.css]
[theartofdocumentary.com/_next/static/css/ad085fdd951c718c.css]
[theartofdocumentary.com/_next/static/css/59c6e5a716d1186c.css]
[theartofdocumentary.com/_next/static/css/f72b4e495eefa18b.css]
[theartofdocumentary.com/_next/static/css/57ea6d79fd7c21d1.css]
[theartofdocumentary.com/_next/static/css/62c916f3ca7d04c0.css]
[theartofdocumentary.com/_next/static/css/1ec00693d35287b0.css]
[theartofdocumentary.com/_next/static/css/82191891029e2876.css]
[theartofdocumentary.com/_next/static/css/3e2e466d87f1a289.css]
[theartofdocumentary.com/_next/static/css/86534e21e36a97a4.css]
[theartofdocumentary.com/_next/static/css/202cb4323f62b536.css]
[theartofdocumentary.com/_next/static/css/1f146d661971cba3.css]
[theartofdocumentary.com/_next/static/css/73ae1026f31084e9.css]
[theartofdocumentary.com/_next/static/css/bebaef432094f9bd.css]
[theartofdocumentary.com/_next/static/css/3aede4ad04c445a6.css]
[theartofdocumentary.com/_next/static/css/116165fc5cf88b7c.css]
[theartofdocumentary.com/_next/static/chunks/pages/courses-3bd19fb90cddc7be.js]
[theartofdocumentary.com/courses.html]
[theartofdocumentary.com/_next/static/css/3cd7c243306f7f26.css]
[theartofdocumentary.com/_next/static/css/39dd8fafbbea4ad8.css]
[theartofdocumentary.com/_next/static/chunks/5453.b24b4a529e431308.js]
[theartofdocumentary.com/_next/static/chunks/365.78c668f6987f386f.js]
[theartofdocumentary.com/_next/static/chunks/pages/[slug]-46dc18452fcfdbf0.js]
[theartofdocumentary.com/_next/829f94804638ff1fd9fa79cc20b16567d77e10e2-376x376c5df.png]
[theartofdocumentary.com/_next/c77749cb40efe9dfcb7ae38fa6e7b49cb41cedc7-376x3767bac.png]
[theartofdocumentary.com/_next/35e0c0e317419fe5cb86631fc093b8b832f2d213-376x376fe04.png]
[theartofdocumentary.com/_next/30408c6e43d3c31c1d420940d89b3f2ad9b4672c-376x376971c.png]
[theartofdocumentary.com/_next/5bff3585482c21014af717dfbcc963fd2d27f69f-376x376c4e3.png]
[theartofdocumentary.com/certification.html]
[theartofdocumentary.com/_next/static/css/9aa5734e0e47e0b8.css]
[theartofdocumentary.com/_next/static/chunks/2261.fb6fe39a36ffdba0.js]
[theartofdocumentary.com/funding.html]
[theartofdocumentary.com/_next/static/css/b8a917cd4fa082f6.css]
[theartofdocumentary.com/_next/static/css/0a1e9a1b30343a4c.css]
[theartofdocumentary.com/_next/static/css/e7ebb5d93ab1d89c.css]
[theartofdocumentary.com/_next/static/css/7e01d56eefe224c1.css]
[theartofdocumentary.com/_next/static/chunks/1425.1c8ca52af0e65fe7.js]
[theartofdocumentary.com/_next/static/chunks/5374.08130e18e52fce3b.js]
[theartofdocumentary.com/_next/static/chunks/4567.cbb787c12d0a537e.js]
[theartofdocumentary.com/_next/static/chunks/7750.19f1d9f4de5592b3.js]
[theartofdocumentary.com/_next/static/chunks/8336.10f3c70fcd0efcea.js]
[theartofdocumentary.com/_next/static/chunks/3200.2a4a174e375b00b9.js]
[theartofdocumentary.com/_next/ff7b598e0b664f910c404c8d17a71698ec9d2f37-1320x656ace9.png]
[theartofdocumentary.com/_next/3d8b0fc2c5db1fbb10c93e639523374eea57267a-1320x6562dde.png]
[theartofdocumentary.com/_next/0e4fe34dc5cacfee53302f2d230bb771d88863c3-1320x6563ee3.png]
[theartofdocumentary.com/_next/6d6dedc584de7b72aec757db023ebff0960cc239-1320x656a315.png]
[theartofdocumentary.com/_next/c4448d6e722f5326e9c814830f99b3656080cf43-848x4767099.jpeg]
[theartofdocumentary.com/_next/88d5194d3aeeac3a858cf43bd8e80d6abba0c687-848x560f8c5.png]
[theartofdocumentary.com/_next/3ef533f171fe95e4dc480ec81d80443cff584e68-848x560f295.png]
[theartofdocumentary.com/_next/21f59e5d7bbf8a02b6c32226b1f68602f614faa0-848x560c27f.png]
[theartofdocumentary.com/_next/14000c7fede734b871b98b3d2a4448193696e6b6-848x56056eb.png]
[theartofdocumentary.com/_next/9d65ac81371d2b86ba95966dedb139ef980cbebc-848x5606333.png]
[theartofdocumentary.com/short-documentary-competition.html]
[theartofdocumentary.com/_next/static/css/510cddebaf62b337.css]
[theartofdocumentary.com/_next/static/css/ef1a54d26d744e07.css]
[theartofdocumentary.com/_next/static/chunks/5952.f28d8e1a814ebe86.js]
[theartofdocumentary.com/_next/static/chunks/553.287a5141461f078a.js]
[theartofdocumentary.com/_next/static/chunks/3981.d05e889158a13608.js]
[theartofdocumentary.com/_next/static/chunks/2269.8f7673264866b6aa.js]
[theartofdocumentary.com/_next/f9202547740b6ee7cddafeece82a8c30c7104a74-480x4808e13.png]
[theartofdocumentary.com/_next/c4ce93a0e9cfa217b83b7e32cf250a866a69a185-480x4808314.png]
[theartofdocumentary.com/_next/6bf58f59e89b48f1bfdc7fe2310e1e28b91f874e-480x480960c.png]
[theartofdocumentary.com/_next/e5a122d1e1a47f2ac21c1d41137d40379d94380b-480x4807779.png]
[theartofdocumentary.com/_next/731a71d66d9d8c1090ee9a5ae3a15aac211d9bd5-480x480dc4f.png]
[theartofdocumentary.com/_next/71dea70a58ef5064096e5978e42bd54aa947202b-480x4807db7.png]
[theartofdocumentary.com/_next/46248d28178aa58aab9a02b38ed87c17ac47ec61-480x4808ac7.png]
[theartofdocumentary.com/_next/410417bfe9a176344887866fdf7d691254e547ff-480x4807436.png]
[theartofdocumentary.com/enterprise.html]
[theartofdocumentary.com/_next/static/css/f71154575c9f88e8.css]
[theartofdocumentary.com/_next/static/css/f79439bc8509970f.css]
[theartofdocumentary.com/_next/static/chunks/8038.648a6805345a873d.js]
[theartofdocumentary.com/_next/static/chunks/2471.da3042d7756b86da.js]
[theartofdocumentary.com/_next/static/chunks/pages/about-242fbd6c7ae5899e.js]
[theartofdocumentary.com/_next/7bee0b8d23f9ff58a245050fd9def205f34e2a15-1792x2036bc59.jpeg]
[theartofdocumentary.com/_next/f3faa6bde846a95e496f90a057daa55334c891f2-1792x1008e624.jpeg]
[theartofdocumentary.com/_next/aa64d0717f25002a87d0c0b9dc4d1527a753a7a6-1792x1008b3bd.jpeg]
[theartofdocumentary.com/_next/770d2f491371dd21c60eec8f5d3683bed8abe9f9-1792x20361f9d.jpeg]
[theartofdocumentary.com/_next/946c5023135774f8712dd33bb250c2a63e661048-1792x10088c28.jpeg]
[theartofdocumentary.com/_next/e80e21dc4b21162e14dee2febaabd7d833a0214b-1792x1008389d.jpeg]
[theartofdocumentary.com/_next/7c15a18edb08203f0cb954d0d7c8e8866eea79ef-376x2402aa2.png]
[theartofdocumentary.com/_next/c30edf8769974736aadd852f1a8ef566d26e64fb-376x2403765.png]
[theartofdocumentary.com/_next/f99c8946eca7b5f388d5e6fd2f835e972fc8573a-376x2405c85.png]
[theartofdocumentary.com/_next/b98c0b322c5014b8a5685e4d0febb27664ae213e-360x2408d5b.png]
[theartofdocumentary.com/_next/69a3757582b02a685627c4f5d90d0c3ec5e7b08f-376x24074ca.png]
[theartofdocumentary.com/_next/61bb5e70c875c646c17f11a8e82a419eaf3331e6-376x2404274.png]
[theartofdocumentary.com/_next/2fd94d32046ee7abefe90034236961d5d71d89ee-376x2401173.png]
[theartofdocumentary.com/_next/c60b2bf4f95032ee96f1338e4ea9ad1e8859b0e4-376x24010b8.png]
[theartofdocumentary.com/_next/0e27b0f3a92fded0daaeec10187457f90c345ef9-376x24046a5.png]
[theartofdocumentary.com/_next/99d3f9139d240136d064f09e97abfa3cb62794e9-376x240509d.png]
[theartofdocumentary.com/_next/cd914a022d448109c7a1b2132c7b76f0d601e9b6-376x240cec9.png]
[theartofdocumentary.com/_next/d6f4bd87a684c94f091edce12ef4523c6f7d091a-376x2400dda.png]
[theartofdocumentary.com/_next/73a303bc305e7cbe561e3eb40062d54be928b4f3-376x240e3ad.png]
[theartofdocumentary.com/_next/e77be2c1b3afd7acae0dd719adf03170fb1bd5d7-376x24022dc.png]
[theartofdocumentary.com/_next/0d1b1ffe23ac190852576d63e5f15f4024db9df5-784x9741418.jpeg]
[theartofdocumentary.com/_next/1b72dd8f80afb126b519f5b9b73c39941038c16a-784x97439bc.jpeg]
[theartofdocumentary.com/about.html]
[theartofdocumentary.com/_next/static/css/19d6faefef542289.css]
[theartofdocumentary.com/frequently-asked-questions.html]
[theartofdocumentary.com/_next/static/chunks/2067.083f43e5638ac56f.js]
[theartofdocumentary.com/_next/static/chunks/pages/contact-c569f82c601ef06c.js]
[theartofdocumentary.com/_next/ae69025df007948bf4b43aeeb127eee3793758ce-1320x1400dec9.jpeg]
[theartofdocumentary.com/contact.html]
[theartofdocumentary.com/_next/static/css/69603122ddae13ca.css]
[theartofdocumentary.com/_next/static/css/bd52596d913c4632.css]
[theartofdocumentary.com/_next/static/css/1c8d89a874137e51.css]
[theartofdocumentary.com/_next/static/chunks/2030.c1fdaf1fd08e5044.js]
[theartofdocumentary.com/_next/static/chunks/5955.e8dd4a235d1b2581.js]
[theartofdocumentary.com/_next/static/chunks/pages/courses/[slug]-a0aa50529456660e.js]
[theartofdocumentary.com/_next/a26bf4e4e6585431e21b9aadb4b7f6bd304918f9-1320x744dcf9.jpeg]
[theartofdocumentary.com/_next/7cdd71251da32dada120ad2adab0ec8df3242bc8-1320x7442cf8.jpeg]
[theartofdocumentary.com/_next/56cc2b36e25dff8d3d6256e2c18355cd41017676-1320x7441a74.jpeg]
[theartofdocumentary.com/_next/5097c61a32e64625344a0e08879e322a4a51688a-1320x744251a.jpeg]
[theartofdocumentary.com/_next/303cb7fa25787cab6af071d470caaeaebc02d957-1320x74421b3.jpeg]
[theartofdocumentary.com/_next/7da0d20b95104a16b1ae686b3d421640cdd49545-1320x744df9a.jpeg]
[theartofdocumentary.com/_next/15aa47396224485e0d4972ab9fd9870b19cc57d1-1320x7441caf.jpeg]
[theartofdocumentary.com/_next/a50d2b3be808d73db27dd46a36e24bf69c58816a-1320x744a52c.jpeg]
[theartofdocumentary.com/_next/1e5d636d1e820f28538e3bb9c693ecd553461742-1320x7448e7c.jpeg]
[theartofdocumentary.com/_next/d5e9a0c6bd068a2e25b16f1a2deb87a804d598d5-848x476ba25.jpeg]
[theartofdocumentary.com/_next/19fea558f7118995506b84b4c93f0297c9f47837-1920x20800bc9.jpeg]
[theartofdocumentary.com/_next/5fa7e31a9ca8d17075efa9669f94a24291e81554-1920x208024bb.jpeg]
[theartofdocumentary.com/_next/e1ed6164b29534fc15d01bcfccc43213dd36fec4-1920x2080ffff.jpeg]
[theartofdocumentary.com/_next/51455132b6ae56604855e8f4c0a635cedbd6ef35-1920x20806e57.jpeg]
[theartofdocumentary.com/courses/documentary-foundations.html]
[theartofdocumentary.com/_next/dae1a671cf2fc57bf5d086e10973a4a6b275edf0-3504x2336922e.jpeg]
[theartofdocumentary.com/_next/3909d6908e9b35587718a2344b157cca35af3a5e-1888x1416174d.jpeg]
[theartofdocumentary.com/_next/11cdc7cd1f763fa3b33bb3825b5b45c5dae9c091-2048x8729740.jpeg]
[theartofdocumentary.com/_next/7c55a56daaf7cd7142afe3a68cc7c16b5035b3c9-2113x14125bc9.jpeg]
[theartofdocumentary.com/_next/3ad4896bafd689dbb7a55ffb28e6b38c6afbb80f-3504x233629f5.jpeg]
[theartofdocumentary.com/_next/9493513f54148223ff5b2d2287394c208eea7a61-3504x233650bc.jpeg]
[theartofdocumentary.com/_next/eab1f9132389bbebdef70d52f9ea13fdd9808fea-3504x2336eacf.jpeg]
[theartofdocumentary.com/_next/caae99e58d3a962eb243a0f12cbad31cb3414ee5-2766x18443796.jpeg]
[theartofdocumentary.com/_next/2e6b3b16b49580193ed608886b5ae0e63459677c-2736x1824207c.jpeg]
[theartofdocumentary.com/_next/871d03a9e574f96644f9b1400aabfeacdb5afe81-848x4767229.jpeg]
[theartofdocumentary.com/_next/013a2d64a2aba9e2724ea337993fd3e37e625d8c-1920x20801f0a.jpeg]
[theartofdocumentary.com/courses/advanced-documentary.html]
[theartofdocumentary.com/_next/6044cbc05c2efe86ced83022969bdeca54ea7b1b-1640x1011949e.jpeg]
[theartofdocumentary.com/_next/9e33ef85ec4e6c52a3c97767390d78f9b2ef068d-2628x1752073b.jpeg]
[theartofdocumentary.com/_next/c0fb570bfb61cccafb04c7422e669ba109d4b502-3504x2336457d.jpeg]
[theartofdocumentary.com/_next/e52cc0a9e6c22fb87158b88495d2c7ebe2f37469-3448x22990e36.jpeg]
[theartofdocumentary.com/_next/7d6913218b21ab59292c4b32f14341d40521d4da-2880x1920098c.jpeg]
[theartofdocumentary.com/_next/eadee51cec67ccda7c22b62b35aea8752607aecc-3504x2336c268.jpeg]
[theartofdocumentary.com/_next/b9df7622aa96da117029e52f53419c043ff5d6e6-960x5405b5d.jpeg]
[theartofdocumentary.com/_next/8967666f0256f4deab2410243c253b721a64329f-848x4765e98.jpeg]
[theartofdocumentary.com/courses/create-and-earn.html]
[theartofdocumentary.com/_next/134530483698c87a39ab7ff82904ca25d9b72364-1674x9535600.jpeg]
[theartofdocumentary.com/_next/25fafb953aa684cff0fc9dfc96f14553e8ecd8cb-1970x1105a2bc.jpeg]
[theartofdocumentary.com/_next/385d5d650c26d16955f5c636958bcd2ac0affc01-3976x2652f3d6.jpeg]
[theartofdocumentary.com/_next/7ba80d8711d79e741619a2c7bb4b37085dea1900-1200x73309bd.jpeg]
[theartofdocumentary.com/_next/6d9aaf8a00fd25de8a247dff404f2c1c7eb6065e-1200x6758597.jpeg]
[theartofdocumentary.com/_next/eb22df9fccca84dcd2eb27fdf6a0d82d94ec1d2a-3504x233663e9.jpeg]
[theartofdocumentary.com/_next/f5ad798075492b4d1d7b09f77c2673eb7a375fc4-1920x1080379b.jpeg]
[theartofdocumentary.com/_next/4c5037797bba534c790fda9738bdd4d1b8804875-3504x23366d49.jpeg]
[theartofdocumentary.com/_next/bc24da05a60ab2a5166d429406e2e04a09b296a0-3504x2336f96c.jpeg]
[theartofdocumentary.com/_next/707dace58e98c39fc49578aa4c112fbb203fd54a-848x476c0ef.jpeg]
[theartofdocumentary.com/courses/perfect-cut.html]
[theartofdocumentary.com/_next/a321f8333a63e46bc07104caa5ca9b453f89df89-2700x18000994.jpeg]
[theartofdocumentary.com/_next/426a2cd07e417a197d9c27b2e8875bc340c5dd91-2048x136588ca.jpeg]
[theartofdocumentary.com/_next/004446497d75382e6c8ccf852c13199294d7a47d-3840x21587cdc.png]
[theartofdocumentary.com/_next/023a7b47bb7d6724ca12e18935dfbf07ef6c2d47-5760x3840ac03.jpeg]
[theartofdocumentary.com/_next/de9b499f1f33713f2a99ac2c9e30891dda231414-6345x4230c63d.jpeg]
[theartofdocumentary.com/_next/c6c9e79ac977362abe53ef6f7aa67edc429d8a2e-6016x40163d18.jpeg]
[theartofdocumentary.com/_next/258c38cae591b8c6567d58dbc2e1076039ad5c78-6016x40163713.jpeg]
[theartofdocumentary.com/_next/7a59d1dc271b1063da3b358af394ed91595c3974-7008x46729e24.jpeg]
[theartofdocumentary.com/_next/c31f4effccd2c118ef01fcfdecae1e75b17fdd5b-5760x3840b75d.jpeg]
[theartofdocumentary.com/_next/5b4e3e477ef3338904bc095cb107e6f9b0d5e06a-848x4761f76.jpeg]
[theartofdocumentary.com/courses/the-cinematic-eye.html]
[theartofdocumentary.com/_next/static/css/c930c47f16902441.css]
[theartofdocumentary.com/legals/privacy-policy.html]
[theartofdocumentary.com/legals/terms-of-use.html]
[theartofdocumentary.com/_next/image0035.html]
[theartofdocumentary.com/_next/image9f6c.html]
[theartofdocumentary.com/_next/image954f.html]
[theartofdocumentary.com/_next/image7fff.html]
[theartofdocumentary.com/_next/image68c7.html]
[theartofdocumentary.com/_next/static/css/116165fc5cf88b7c.css]
[theartofdocumentary.com/_next/image091c.html]
[theartofdocumentary.com/_next/imagea29a.html]
[theartofdocumentary.com/_next/image527d.html]
[theartofdocumentary.com/_next/image4e15.html]
[theartofdocumentary.com/_next/imagee5d1.html]
[theartofdocumentary.com/_next/static/css/3cd7c243306f7f26.css]
[theartofdocumentary.com/_next/static/css/39dd8fafbbea4ad8.css]
[theartofdocumentary.com/_next/image1700.html]
[theartofdocumentary.com/_next/static/css/9aa5734e0e47e0b8.css]
[theartofdocumentary.com/_next/imagefad7.html]
[theartofdocumentary.com/_next/static/css/b8a917cd4fa082f6.css]
[theartofdocumentary.com/_next/static/css/96685fca430bc719.css]
[theartofdocumentary.com/_next/static/css/0a1e9a1b30343a4c.css]
[theartofdocumentary.com/_next/static/css/e7ebb5d93ab1d89c.css]
[theartofdocumentary.com/_next/static/css/7e01d56eefe224c1.css]
[theartofdocumentary.com/_next/static/css/59dd6f3ae230ca61.css]
[theartofdocumentary.com/_next/static/css/7f3a7bd41bedcef2.css]
[theartofdocumentary.com/_next/static/css/510cddebaf62b337.css]
[theartofdocumentary.com/_next/static/css/479119a47d9f2778.css]
[theartofdocumentary.com/_next/static/css/ef1a54d26d744e07.css]
[theartofdocumentary.com/_next/image984b.html]
[theartofdocumentary.com/_next/static/css/f71154575c9f88e8.css]
[theartofdocumentary.com/_next/static/css/f79439bc8509970f.css]
[theartofdocumentary.com/_next/image83da.html]
[theartofdocumentary.com/_next/imagef8e5.html]
[theartofdocumentary.com/_next/static/css/19d6faefef542289.css]
[theartofdocumentary.com/_next/static/chunks/pages/legals/[slug]-747edbf20e1a8e1c.js]
[theartofdocumentary.com/certificate]
[theartofdocumentary.com/certificate/index.html]
[theartofdocumentary.com/_next/imagec95c.html]
[theartofdocumentary.com/_next/static/css/69603122ddae13ca.css]
[theartofdocumentary.com/_next/static/css/bd52596d913c4632.css]
[theartofdocumentary.com/_next/static/css/1c8d89a874137e51.css]
[theartofdocumentary.com/_next/static/css/c930c47f16902441.css]
[theartofdocumentary.com/certificate.html]
